> Task :app:preBuild UP-TO-DATE
> Task :app:preDebugBuild UP-TO-DATE
> Task :app:checkDebugAarMetadata FAILED
.\gradlew.bat : 
At line:1 char:1
+ .\gradlew.bat :app:
checkDebugAarMetadata
 *>&1 | Out-File 
-FilePath bu ...
+ ~~~~~~~~~~~~~~~~~~~
~~~~~~~~~~~~~~~~~~~~~
~~~~~
    + CategoryInfo   
           : NotSpe  
  cified: (:String   
 ) [], RemoteExce    
ption
    + FullyQualified 
   ErrorId : Native  
  CommandError
 
FAILURE: Build 
failed with an 
exception.

* What went wrong:
Execution failed for 
task ':app:checkDebug
AarMetadata'.
> Could not resolve 
all files for 
configuration ':app:d
ebugRuntimeClasspath'
.
   > Could not find d
ev.chrisbanes.haze:ha
ze:1.3.4.
     Searched in the 
following locations:
       - https://dl.g
oogle.com/dl/android/
maven2/dev/chrisbanes
/haze/haze/1.3.4/haze
-1.3.4.pom
       - https://repo
.maven.apache.org/mav
en2/dev/chrisbanes/ha
ze/haze/1.3.4/haze-1.
3.4.pom
       - https://jitp
ack.io/dev/chrisbanes
/haze/haze/1.3.4/haze
-1.3.4.pom
       - https://gith
ub.com/gideongeny/New
PipeExtractor-Kts/raw
/gh-pages/dev/chrisba
nes/haze/haze/1.3.4/h
aze-1.3.4.pom
     Required by:
         project :app
   > Could not find d
ev.chrisbanes.haze:ha
ze-materials:1.3.4.
     Searched in the 
following locations:
       - https://dl.g
oogle.com/dl/android/
maven2/dev/chrisbanes
/haze/haze-materials/
1.3.4/haze-materials-
1.3.4.pom
       - https://repo
.maven.apache.org/mav
en2/dev/chrisbanes/ha
ze/haze-materials/1.3
.4/haze-materials-1.3
.4.pom
       - https://jitp
ack.io/dev/chrisbanes
/haze/haze-materials/
1.3.4/haze-materials-
1.3.4.pom
       - https://gith
ub.com/gideongeny/New
PipeExtractor-Kts/raw
/gh-pages/dev/chrisba
nes/haze/haze-materia
ls/1.3.4/haze-materia
ls-1.3.4.pom
     Required by:
         project :app

* Try:
> Run with 
--stacktrace option 
to get the stack 
trace.
> Run with --info or 
--debug option to 
get more log output.
> Run with --scan to 
get full insights.
> Get more help at ht
tps://help.gradle.org
.

BUILD FAILED in 6s
1 actionable task: 1 executed
